app/build/intermediates/manifest_merge_blame_file/debug/processDebugMainManifest/manifest-merger-blame-debug-report.txt
1<?xml version="1.0" encoding="utf-8"?>
2<manifest xmlns:android="http://schemas.android.com/apk/res/android"
3    package="com.healthai.app"
4    android:versionCode="1"
5    android:versionName="1.0" >
6
7    <uses-sdk
8        android:minSdkVersion="26"
9        android:targetSdkVersion="35" />
10
11    <uses-feature android:name="android.hardware.camera.any" />
11-->src\main\AndroidManifest.xml:5:5-64
11-->src\main\AndroidManifest.xml:5:19-61
12
13    <uses-permission android:name="android.permission.CAMERA" />
13-->src\main\AndroidManifest.xml:6:5-65
13-->src\main\AndroidManifest.xml:6:22-62
14    <uses-permission android:name="android.permission.RECORD_AUDIO" />
14-->src\main\AndroidManifest.xml:7:5-71
14-->src\main\AndroidManifest.xml:7:22-68
15    <uses-permission android:name="android.permission.INTERNET" />
15-->src\main\AndroidManifest.xml:8:5-67
15-->src\main\AndroidManifest.xml:8:22-64
16    <uses-permission android:name="android.permission.ACCESS_FINE_LOCATION" />
16-->src\main\AndroidManifest.xml:9:5-78
16-->src\main\AndroidManifest.xml:9:22-76
17    <uses-permission android:name="android.permission.ACCESS_COARSE_LOCATION" />
17-->src\main\AndroidManifest.xml:10:5-80
17-->src\main\AndroidManifest.xml:10:22-78
18    <uses-permission android:name="android.permission.ACCESS_NETWORK_STATE" />
18-->src\main\AndroidManifest.xml:11:5-79
18-->src\main\AndroidManifest.xml:11:22-76
19
20    <!-- Health Connect Permissions -->
21    <uses-permission android:name="android.permission.health.READ_STEPS" />
21-->src\main\AndroidManifest.xml:14:5-75
21-->src\main\AndroidManifest.xml:14:22-73
22    <uses-permission android:name="android.permission.health.READ_HEART_RATE" />
22-->src\main\AndroidManifest.xml:15:5-80
22-->src\main\AndroidManifest.xml:15:22-78
23
24    <!-- Bluetooth Permissions -->
25    <uses-permission
25-->src\main\AndroidManifest.xml:18:5-95
26        android:name="android.permission.BLUETOOTH"
26-->src\main\AndroidManifest.xml:18:22-65
27        android:maxSdkVersion="30" />
27-->src\main\AndroidManifest.xml:18:66-92
28    <uses-permission
28-->src\main\AndroidManifest.xml:19:5-101
29        android:name="android.permission.BLUETOOTH_ADMIN"
29-->src\main\AndroidManifest.xml:19:22-71
30        android:maxSdkVersion="30" />
30-->src\main\AndroidManifest.xml:19:72-98
31    <uses-permission
31-->src\main\AndroidManifest.xml:20:5-120
32        android:name="android.permission.BLUETOOTH_SCAN"
32-->src\main\AndroidManifest.xml:20:22-70
33        android:usesPermissionFlags="neverForLocation" />
33-->src\main\AndroidManifest.xml:20:71-117
34    <uses-permission android:name="android.permission.BLUETOOTH_CONNECT" />
34-->src\main\AndroidManifest.xml:21:5-76
34-->src\main\AndroidManifest.xml:21:22-73
35
36    <uses-feature
36-->src\main\AndroidManifest.xml:23:5-89
37        android:name="android.hardware.bluetooth_le"
37-->src\main\AndroidManifest.xml:23:19-63
38        android:required="true" />
38-->src\main\AndroidManifest.xml:23:64-87
39
40    <uses-permission android:name="android.permission.USE_BIOMETRIC" /> <!-- suppress DeprecatedClassUsageInspection -->
40-->[androidx.biometric:biometric:1.2.0-alpha05] AndroidManifest.xml:22:5-72
40-->[androidx.biometric:biometric:1.2.0-alpha05] AndroidManifest.xml:22:22-69
41    <uses-permission android:name="android.permission.USE_FINGERPRINT" />
41-->[androidx.biometric:biometric:1.2.0-alpha05] AndroidManifest.xml:25:5-74
41-->[androidx.biometric:biometric:1.2.0-alpha05] AndroidManifest.xml:25:22-71
42    <uses-permission android:name="android.permission.ACCESS_WIFI_STATE" />
42-->[com.google.android.libraries.places:places:3.3.0] AndroidManifest.xml:11:5-76
42-->[com.google.android.libraries.places:places:3.3.0] AndroidManifest.xml:11:22-73
43
44    <uses-feature
44-->[com.google.android.gms:play-services-maps:18.2.0] AndroidManifest.xml:26:5-28:35
45        android:glEsVersion="0x00020000"
45-->[com.google.android.gms:play-services-maps:18.2.0] AndroidManifest.xml:27:9-41
46        android:required="true" />
46-->[com.google.android.gms:play-services-maps:18.2.0] AndroidManifest.xml:28:9-32
47
48    <queries>
48-->[com.google.android.gms:play-services-maps:18.2.0] AndroidManifest.xml:30:5-34:15
49
50        <!-- Needs to be explicitly declared on Android R+ -->
51        <package android:name="com.google.android.apps.maps" />
51-->[com.google.android.gms:play-services-maps:18.2.0] AndroidManifest.xml:33:9-64
51-->[com.google.android.gms:play-services-maps:18.2.0] AndroidManifest.xml:33:18-61
52    </queries>
53
54    <uses-permission android:name="com.google.android.providers.gsf.permission.READ_GSERVICES" />
54-->[com.google.android.recaptcha:recaptcha:18.4.0] AndroidManifest.xml:9:5-98
54-->[com.google.android.recaptcha:recaptcha:18.4.0] AndroidManifest.xml:9:22-95
55
56    <permission
56-->[androidx.core:core:1.12.0] AndroidManifest.xml:22:5-24:47
57        android:name="com.healthai.app.DYNAMIC_RECEIVER_NOT_EXPORTED_PERMISSION"
57-->[androidx.core:core:1.12.0] AndroidManifest.xml:23:9-81
58        android:protectionLevel="signature" />
58-->[androidx.core:core:1.12.0] AndroidManifest.xml:24:9-44
59
60    <uses-permission android:name="com.healthai.app.DYNAMIC_RECEIVER_NOT_EXPORTED_PERMISSION" />
60-->[androidx.core:core:1.12.0] AndroidManifest.xml:26:5-97
60-->[androidx.core:core:1.12.0] AndroidManifest.xml:26:22-94
61
62    <application
62-->src\main\AndroidManifest.xml:25:5-61:19
63        android:name="com.healthai.app.HealthApplication"
63-->src\main\AndroidManifest.xml:26:9-42
64        android:allowBackup="true"
64-->src\main\AndroidManifest.xml:27:9-35
65        android:appComponentFactory="androidx.core.app.CoreComponentFactory"
65-->[androidx.core:core:1.12.0] AndroidManifest.xml:28:18-86
66        android:dataExtractionRules="@xml/data_extraction_rules"
66-->src\main\AndroidManifest.xml:28:9-65
67        android:debuggable="true"
68        android:extractNativeLibs="false"
69        android:fullBackupContent="@xml/backup_rules"
69-->src\main\AndroidManifest.xml:29:9-54
70        android:icon="@mipmap/ic_launcher"
70-->src\main\AndroidManifest.xml:30:9-43
71        android:label="@string/app_name"
71-->src\main\AndroidManifest.xml:31:9-41
72        android:roundIcon="@mipmap/ic_launcher_round"
72-->src\main\AndroidManifest.xml:32:9-54
73        android:supportsRtl="true"
73-->src\main\AndroidManifest.xml:33:9-35
74        android:testOnly="true"
75        android:usesCleartextTraffic="true" >
75-->src\main\AndroidManifest.xml:34:9-44
76        <meta-data
76-->src\main\AndroidManifest.xml:37:9-39:55
77            android:name="com.google.android.geo.API_KEY"
77-->src\main\AndroidManifest.xml:38:13-58
78            android:value="YOUR_GOOGLE_MAPS_API_KEY" />
78-->src\main\AndroidManifest.xml:39:13-53
79
80        <activity
80-->src\main\AndroidManifest.xml:41:9-49:20
81            android:name="com.healthai.app.MainActivity"
81-->src\main\AndroidManifest.xml:42:13-41
82            android:exported="true"
82-->src\main\AndroidManifest.xml:43:13-36
83            android:theme="@style/Theme.FuturisticAIHealthcareApp" >
83-->src\main\AndroidManifest.xml:44:13-67
84            <intent-filter>
84-->src\main\AndroidManifest.xml:45:13-48:29
85                <action android:name="android.intent.action.MAIN" />
85-->src\main\AndroidManifest.xml:46:17-69
85-->src\main\AndroidManifest.xml:46:25-66
86
87                <category android:name="android.intent.category.LAUNCHER" />
87-->src\main\AndroidManifest.xml:47:17-77
87-->src\main\AndroidManifest.xml:47:27-74
88            </intent-filter>
89        </activity>
90
91        <activity-alias
91-->src\main\AndroidManifest.xml:51:9-59:26
92            android:name="com.healthai.app.ViewPermissionUsageActivity"
92-->src\main\AndroidManifest.xml:52:13-55
93            android:exported="true"
93-->src\main\AndroidManifest.xml:53:13-36
94            android:targetActivity="com.healthai.app.MainActivity" >
94-->src\main\AndroidManifest.xml:54:13-51
95            <intent-filter>
95-->src\main\AndroidManifest.xml:55:13-58:29
96                <action android:name="androidx.health.control.action.VIEW_PERMISSION_USAGE" />
96-->src\main\AndroidManifest.xml:56:17-95
96-->src\main\AndroidManifest.xml:56:25-92
97
98                <category android:name="android.intent.category.DEFAULT" />
98-->src\main\AndroidManifest.xml:57:17-76
98-->src\main\AndroidManifest.xml:57:27-73
99            </intent-filter>
100        </activity-alias>
101
102        <service
102-->[androidx.camera:camera-camera2:1.5.2] AndroidManifest.xml:24:9-33:19
103            android:name="androidx.camera.core.impl.MetadataHolderService"
103-->[androidx.camera:camera-camera2:1.5.2] AndroidManifest.xml:25:13-75
104            android:enabled="false"
104-->[androidx.camera:camera-camera2:1.5.2] AndroidManifest.xml:26:13-36
105            android:exported="false" >
105-->[androidx.camera:camera-camera2:1.5.2] AndroidManifest.xml:27:13-37
106            <meta-data
106-->[androidx.camera:camera-camera2:1.5.2] AndroidManifest.xml:30:13-32:89
107                android:name="androidx.camera.core.impl.MetadataHolderService.DEFAULT_CONFIG_PROVIDER"
107-->[androidx.camera:camera-camera2:1.5.2] AndroidManifest.xml:31:17-103
108                android:value="androidx.camera.camera2.Camera2Config$DefaultProvider" />
108-->[androidx.camera:camera-camera2:1.5.2] AndroidManifest.xml:32:17-86
109        </service>
110
111        <activity
111-->[com.google.android.libraries.places:places:3.3.0] AndroidManifest.xml:15:9-21:20
112            android:name="com.google.android.libraries.places.widget.AutocompleteActivity"
112-->[com.google.android.libraries.places:places:3.3.0] AndroidManifest.xml:16:13-91
113            android:exported="false"
113-->[com.google.android.libraries.places:places:3.3.0] AndroidManifest.xml:17:13-37
114            android:label="@string/places_autocomplete_label"
114-->[com.google.android.libraries.places:places:3.3.0] AndroidManifest.xml:18:13-62
115            android:theme="@style/PlacesAutocompleteOverlay"
115-->[com.google.android.libraries.places:places:3.3.0] AndroidManifest.xml:19:13-61
116            android:windowSoftInputMode="adjustResize" >
116-->[com.google.android.libraries.places:places:3.3.0] AndroidManifest.xml:20:13-55
117        </activity>
118
119        <service
119-->[androidx.health.connect:connect-client:1.1.0-alpha11] AndroidManifest.xml:24:9-32:19
120            android:name="androidx.health.platform.client.impl.sdkservice.HealthDataSdkService"
120-->[androidx.health.connect:connect-client:1.1.0-alpha11] AndroidManifest.xml:25:13-96
121            android:enabled="true"
121-->[androidx.health.connect:connect-client:1.1.0-alpha11] AndroidManifest.xml:26:13-35
122            android:exported="true" >
122-->[androidx.health.connect:connect-client:1.1.0-alpha11] AndroidManifest.xml:27:13-36
123            <intent-filter>
123-->[androidx.health.connect:connect-client:1.1.0-alpha11] AndroidManifest.xml:29:13-31:29
124                <action android:name="androidx.health.platform.client.ACTION_BIND_SDK_SERVICE" />
124-->[androidx.health.connect:connect-client:1.1.0-alpha11] AndroidManifest.xml:30:17-98
124-->[androidx.health.connect:connect-client:1.1.0-alpha11] AndroidManifest.xml:30:25-95
125            </intent-filter>
126        </service>
127
128        <activity
128-->[androidx.compose.ui:ui-tooling-android:1.6.3] AndroidManifest.xml:23:9-25:39
129            android:name="androidx.compose.ui.tooling.PreviewActivity"
129-->[androidx.compose.ui:ui-tooling-android:1.6.3] AndroidManifest.xml:24:13-71
130            android:exported="true" />
130-->[androidx.compose.ui:ui-tooling-android:1.6.3] AndroidManifest.xml:25:13-36
131        <activity
131-->[androidx.compose.ui:ui-test-manifest:1.6.3] AndroidManifest.xml:23:9-25:39
132            android:name="androidx.activity.ComponentActivity"
132-->[androidx.compose.ui:ui-test-manifest:1.6.3] AndroidManifest.xml:24:13-63
133            android:exported="true" /> <!-- Needs to be explicitly declared on P+ -->
133-->[androidx.compose.ui:ui-test-manifest:1.6.3] AndroidManifest.xml:25:13-36
134        <uses-library
134-->[com.google.android.gms:play-services-maps:18.2.0] AndroidManifest.xml:39:9-41:40
135            android:name="org.apache.http.legacy"
135-->[com.google.android.gms:play-services-maps:18.2.0] AndroidManifest.xml:40:13-50
136            android:required="false" />
136-->[com.google.android.gms:play-services-maps:18.2.0] AndroidManifest.xml:41:13-37
137
138        <activity
138-->[com.google.firebase:firebase-auth:23.0.0] AndroidManifest.xml:29:9-46:20
139            android:name="com.google.firebase.auth.internal.GenericIdpActivity"
139-->[com.google.firebase:firebase-auth:23.0.0] AndroidManifest.xml:30:13-80
140            android:excludeFromRecents="true"
140-->[com.google.firebase:firebase-auth:23.0.0] AndroidManifest.xml:31:13-46
141            android:exported="true"
141-->[com.google.firebase:firebase-auth:23.0.0] AndroidManifest.xml:32:13-36
142            android:launchMode="singleTask"
142-->[com.google.firebase:firebase-auth:23.0.0] AndroidManifest.xml:33:13-44
143            android:theme="@android:style/Theme.Translucent.NoTitleBar" >
143-->[com.google.firebase:firebase-auth:23.0.0] AndroidManifest.xml:34:13-72
144            <intent-filter>
144-->[com.google.firebase:firebase-auth:23.0.0] AndroidManifest.xml:35:13-45:29
145                <action android:name="android.intent.action.VIEW" />
145-->[com.google.firebase:firebase-auth:23.0.0] AndroidManifest.xml:36:17-69
145-->[com.google.firebase:firebase-auth:23.0.0] AndroidManifest.xml:36:25-66
146
147                <category android:name="android.intent.category.DEFAULT" />
147-->src\main\AndroidManifest.xml:57:17-76
147-->src\main\AndroidManifest.xml:57:27-73
148                <category android:name="android.intent.category.BROWSABLE" />
148-->[com.google.firebase:firebase-auth:23.0.0] AndroidManifest.xml:39:17-78
148-->[com.google.firebase:firebase-auth:23.0.0] AndroidManifest.xml:39:27-75
149
150                <data
150-->[com.google.firebase:firebase-auth:23.0.0] AndroidManifest.xml:41:17-44:51
151                    android:host="firebase.auth"
151-->[com.google.firebase:firebase-auth:23.0.0] AndroidManifest.xml:42:21-49
152                    android:path="/"
152-->[com.google.firebase:firebase-auth:23.0.0] AndroidManifest.xml:43:21-37
153                    android:scheme="genericidp" />
153-->[com.google.firebase:firebase-auth:23.0.0] AndroidManifest.xml:44:21-48
154            </intent-filter>
155        </activity>
156        <activity
156-->[com.google.firebase:firebase-auth:23.0.0] AndroidManifest.xml:47:9-64:20
157            android:name="com.google.firebase.auth.internal.RecaptchaActivity"
157-->[com.google.firebase:firebase-auth:23.0.0] AndroidManifest.xml:48:13-79
158            android:excludeFromRecents="true"
158-->[com.google.firebase:firebase-auth:23.0.0] AndroidManifest.xml:49:13-46
159            android:exported="true"
159-->[com.google.firebase:firebase-auth:23.0.0] AndroidManifest.xml:50:13-36
160            android:launchMode="singleTask"
160-->[com.google.firebase:firebase-auth:23.0.0] AndroidManifest.xml:51:13-44
161            android:theme="@android:style/Theme.Translucent.NoTitleBar" >
161-->[com.google.firebase:firebase-auth:23.0.0] AndroidManifest.xml:52:13-72
162            <intent-filter>
162-->[com.google.firebase:firebase-auth:23.0.0] AndroidManifest.xml:53:13-63:29
163                <action android:name="android.intent.action.VIEW" />
163-->[com.google.firebase:firebase-auth:23.0.0] AndroidManifest.xml:36:17-69
163-->[com.google.firebase:firebase-auth:23.0.0] AndroidManifest.xml:36:25-66
164
165                <category android:name="android.intent.category.DEFAULT" />
165-->src\main\AndroidManifest.xml:57:17-76
165-->src\main\AndroidManifest.xml:57:27-73
166                <category android:name="android.intent.category.BROWSABLE" />
166-->[com.google.firebase:firebase-auth:23.0.0] AndroidManifest.xml:39:17-78
166-->[com.google.firebase:firebase-auth:23.0.0] AndroidManifest.xml:39:27-75
167
168                <data
168-->[com.google.firebase:firebase-auth:23.0.0] AndroidManifest.xml:41:17-44:51
169                    android:host="firebase.auth"
169-->[com.google.firebase:firebase-auth:23.0.0] AndroidManifest.xml:42:21-49
170                    android:path="/"
170-->[com.google.firebase:firebase-auth:23.0.0] AndroidManifest.xml:43:21-37
171                    android:scheme="recaptcha" />
171-->[com.google.firebase:firebase-auth:23.0.0] AndroidManifest.xml:44:21-48
172            </intent-filter>
173        </activity>
174
175        <service
175-->[com.google.firebase:firebase-auth:23.0.0] AndroidManifest.xml:66:9-72:19
176            android:name="com.google.firebase.components.ComponentDiscoveryService"
176-->[com.google.firebase:firebase-auth:23.0.0] AndroidManifest.xml:67:13-84
177            android:directBootAware="true"
177-->[com.google.firebase:firebase-common:21.0.0] AndroidManifest.xml:32:13-43
178            android:exported="false" >
178-->[com.google.firebase:firebase-auth:23.0.0] AndroidManifest.xml:68:13-37
179            <meta-data
179-->[com.google.firebase:firebase-auth:23.0.0] AndroidManifest.xml:69:13-71:85
180                android:name="com.google.firebase.components:com.google.firebase.auth.FirebaseAuthRegistrar"
180-->[com.google.firebase:firebase-auth:23.0.0] AndroidManifest.xml:70:17-109
181                android:value="com.google.firebase.components.ComponentRegistrar" />
181-->[com.google.firebase:firebase-auth:23.0.0] AndroidManifest.xml:71:17-82
182            <meta-data
182-->[com.google.firebase:firebase-firestore:25.0.0] AndroidManifest.xml:17:13-19:85
183                android:name="com.google.firebase.components:com.google.firebase.firestore.FirebaseFirestoreKtxRegistrar"
183-->[com.google.firebase:firebase-firestore:25.0.0] AndroidManifest.xml:18:17-122
184                android:value="com.google.firebase.components.ComponentRegistrar" />
184-->[com.google.firebase:firebase-firestore:25.0.0] AndroidManifest.xml:19:17-82
185            <meta-data
185-->[com.google.firebase:firebase-firestore:25.0.0] AndroidManifest.xml:20:13-22:85
186                android:name="com.google.firebase.components:com.google.firebase.firestore.FirestoreRegistrar"
186-->[com.google.firebase:firebase-firestore:25.0.0] AndroidManifest.xml:21:17-111
187                android:value="com.google.firebase.components.ComponentRegistrar" />
187-->[com.google.firebase:firebase-firestore:25.0.0] AndroidManifest.xml:22:17-82
188            <meta-data
188-->[com.google.firebase:firebase-ml-modeldownloader:25.0.0] AndroidManifest.xml:26:13-28:85
189                android:name="com.google.firebase.components:com.google.firebase.ml.modeldownloader.FirebaseMlModelDownloaderKtxRegistrar"
189-->[com.google.firebase:firebase-ml-modeldownloader:25.0.0] AndroidManifest.xml:27:17-139
190                android:value="com.google.firebase.components.ComponentRegistrar" />
190-->[com.google.firebase:firebase-ml-modeldownloader:25.0.0] AndroidManifest.xml:28:17-82
191            <meta-data
191-->[com.google.firebase:firebase-ml-modeldownloader:25.0.0] AndroidManifest.xml:29:13-31:85
192                android:name="com.google.firebase.components:com.google.firebase.ml.modeldownloader.FirebaseModelDownloaderRegistrar"
192-->[com.google.firebase:firebase-ml-modeldownloader:25.0.0] AndroidManifest.xml:30:17-134
193                android:value="com.google.firebase.components.ComponentRegistrar" />
193-->[com.google.firebase:firebase-ml-modeldownloader:25.0.0] AndroidManifest.xml:31:17-82
194            <meta-data
194-->[com.google.firebase:firebase-installations:18.0.0] AndroidManifest.xml:15:13-17:85
195                android:name="com.google.firebase.components:com.google.firebase.installations.FirebaseInstallationsKtxRegistrar"
195-->[com.google.firebase:firebase-installations:18.0.0] AndroidManifest.xml:16:17-130
196                android:value="com.google.firebase.components.ComponentRegistrar" />
196-->[com.google.firebase:firebase-installations:18.0.0] AndroidManifest.xml:17:17-82
197            <meta-data
197-->[com.google.firebase:firebase-installations:18.0.0] AndroidManifest.xml:18:13-20:85
198                android:name="com.google.firebase.components:com.google.firebase.installations.FirebaseInstallationsRegistrar"
198-->[com.google.firebase:firebase-installations:18.0.0] AndroidManifest.xml:19:17-127
199                android:value="com.google.firebase.components.ComponentRegistrar" />
199-->[com.google.firebase:firebase-installations:18.0.0] AndroidManifest.xml:20:17-82
200            <meta-data
200-->[com.google.firebase:firebase-common-ktx:21.0.0] AndroidManifest.xml:12:13-14:85
201                android:name="com.google.firebase.components:com.google.firebase.ktx.FirebaseCommonLegacyRegistrar"
201-->[com.google.firebase:firebase-common-ktx:21.0.0] AndroidManifest.xml:13:17-116
202                android:value="com.google.firebase.components.ComponentRegistrar" />
202-->[com.google.firebase:firebase-common-ktx:21.0.0] AndroidManifest.xml:14:17-82
203            <meta-data
203-->[com.google.firebase:firebase-common:21.0.0] AndroidManifest.xml:35:13-37:85
204                android:name="com.google.firebase.components:com.google.firebase.FirebaseCommonKtxRegistrar"
204-->[com.google.firebase:firebase-common:21.0.0] AndroidManifest.xml:36:17-109
205                android:value="com.google.firebase.components.ComponentRegistrar" />
205-->[com.google.firebase:firebase-common:21.0.0] AndroidManifest.xml:37:17-82
206            <meta-data
206-->[com.google.firebase:firebase-datatransport:18.2.0] AndroidManifest.xml:25:13-27:85
207                android:name="com.google.firebase.components:com.google.firebase.datatransport.TransportRegistrar"
207-->[com.google.firebase:firebase-datatransport:18.2.0] AndroidManifest.xml:26:17-115
208                android:value="com.google.firebase.components.ComponentRegistrar" />
208-->[com.google.firebase:firebase-datatransport:18.2.0] AndroidManifest.xml:27:17-82
209        </service>
210        <service
210-->[com.google.mlkit:vision-common:17.3.0] AndroidManifest.xml:9:9-15:19
211            android:name="com.google.mlkit.common.internal.MlKitComponentDiscoveryService"
211-->[com.google.mlkit:vision-common:17.3.0] AndroidManifest.xml:10:13-91
212            android:directBootAware="true"
212-->[com.google.mlkit:common:18.6.0] AndroidManifest.xml:17:13-43
213            android:exported="false" >
213-->[com.google.mlkit:vision-common:17.3.0] AndroidManifest.xml:11:13-37
214            <meta-data
214-->[com.google.mlkit:vision-common:17.3.0] AndroidManifest.xml:12:13-14:85
215                android:name="com.google.firebase.components:com.google.mlkit.vision.common.internal.VisionCommonRegistrar"
215-->[com.google.mlkit:vision-common:17.3.0] AndroidManifest.xml:13:17-124
216                android:value="com.google.firebase.components.ComponentRegistrar" />
216-->[com.google.mlkit:vision-common:17.3.0] AndroidManifest.xml:14:17-82
217            <meta-data
217-->[com.google.mlkit:common:18.6.0] AndroidManifest.xml:20:13-22:85
218                android:name="com.google.firebase.components:com.google.mlkit.common.internal.CommonComponentRegistrar"
218-->[com.google.mlkit:common:18.6.0] AndroidManifest.xml:21:17-120
219                android:value="com.google.firebase.components.ComponentRegistrar" />
219-->[com.google.mlkit:common:18.6.0] AndroidManifest.xml:22:17-82
220        </service>
221
222        <provider
222-->[com.google.mlkit:common:18.6.0] AndroidManifest.xml:9:9-13:38
223            android:name="com.google.mlkit.common.internal.MlKitInitProvider"
223-->[com.google.mlkit:common:18.6.0] AndroidManifest.xml:10:13-78
224            android:authorities="com.healthai.app.mlkitinitprovider"
224-->[com.google.mlkit:common:18.6.0] AndroidManifest.xml:11:13-69
225            android:exported="false"
225-->[com.google.mlkit:common:18.6.0] AndroidManifest.xml:12:13-37
226            android:initOrder="99" />
226-->[com.google.mlkit:common:18.6.0] AndroidManifest.xml:13:13-35
227
228        <service
228-->[androidx.credentials:credentials-play-services-auth:1.2.0-rc01] AndroidManifest.xml:24:9-32:19
229            android:name="androidx.credentials.playservices.CredentialProviderMetadataHolder"
229-->[androidx.credentials:credentials-play-services-auth:1.2.0-rc01] AndroidManifest.xml:25:13-94
230            android:enabled="true"
230-->[androidx.credentials:credentials-play-services-auth:1.2.0-rc01] AndroidManifest.xml:26:13-35
231            android:exported="false" >
231-->[androidx.credentials:credentials-play-services-auth:1.2.0-rc01] AndroidManifest.xml:27:13-37
232            <meta-data
232-->[androidx.credentials:credentials-play-services-auth:1.2.0-rc01] AndroidManifest.xml:29:13-31:104
233                android:name="androidx.credentials.CREDENTIAL_PROVIDER_KEY"
233-->[androidx.credentials:credentials-play-services-auth:1.2.0-rc01] AndroidManifest.xml:30:17-76
234                android:value="androidx.credentials.playservices.CredentialProviderPlayServicesImpl" />
234-->[androidx.credentials:credentials-play-services-auth:1.2.0-rc01] AndroidManifest.xml:31:17-101
235        </service>
236
237        <activity
237-->[androidx.credentials:credentials-play-services-auth:1.2.0-rc01] AndroidManifest.xml:34:9-41:20
238            android:name="androidx.credentials.playservices.HiddenActivity"
238-->[androidx.credentials:credentials-play-services-auth:1.2.0-rc01] AndroidManifest.xml:35:13-76
239            android:configChanges="orientation|screenSize|screenLayout|keyboardHidden"
239-->[androidx.credentials:credentials-play-services-auth:1.2.0-rc01] AndroidManifest.xml:36:13-87
240            android:enabled="true"
240-->[androidx.credentials:credentials-play-services-auth:1.2.0-rc01] AndroidManifest.xml:37:13-35
241            android:exported="false"
241-->[androidx.credentials:credentials-play-services-auth:1.2.0-rc01] AndroidManifest.xml:38:13-37
242            android:fitsSystemWindows="true"
242-->[androidx.credentials:credentials-play-services-auth:1.2.0-rc01] AndroidManifest.xml:39:13-45
243            android:theme="@style/Theme.Hidden" >
243-->[androidx.credentials:credentials-play-services-auth:1.2.0-rc01] AndroidManifest.xml:40:13-48
244        </activity>
245        <activity
245-->[com.google.android.gms:play-services-auth:20.7.0] AndroidManifest.xml:23:9-27:75
246            android:name="com.google.android.gms.auth.api.signin.internal.SignInHubActivity"
246-->[com.google.android.gms:play-services-auth:20.7.0] AndroidManifest.xml:24:13-93
247            android:excludeFromRecents="true"
247-->[com.google.android.gms:play-services-auth:20.7.0] AndroidManifest.xml:25:13-46
248            android:exported="false"
248-->[com.google.android.gms:play-services-auth:20.7.0] AndroidManifest.xml:26:13-37
249            android:theme="@android:style/Theme.Translucent.NoTitleBar" />
249-->[com.google.android.gms:play-services-auth:20.7.0] AndroidManifest.xml:27:13-72
250        <!--
251            Service handling Google Sign-In user revocation. For apps that do not integrate with
252            Google Sign-In, this service will never be started.
253        -->
254        <service
254-->[com.google.android.gms:play-services-auth:20.7.0] AndroidManifest.xml:33:9-37:51
255            android:name="com.google.android.gms.auth.api.signin.RevocationBoundService"
255-->[com.google.android.gms:play-services-auth:20.7.0] AndroidManifest.xml:34:13-89
256            android:exported="true"
256-->[com.google.android.gms:play-services-auth:20.7.0] AndroidManifest.xml:35:13-36
257            android:permission="com.google.android.gms.auth.api.signin.permission.REVOCATION_NOTIFICATION"
257-->[com.google.android.gms:play-services-auth:20.7.0] AndroidManifest.xml:36:13-107
258            android:visibleToInstantApps="true" />
258-->[com.google.android.gms:play-services-auth:20.7.0] AndroidManifest.xml:37:13-48
259
260        <activity
260-->[com.google.android.gms:play-services-base:18.1.0] AndroidManifest.xml:20:9-22:45
261            android:name="com.google.android.gms.common.api.GoogleApiActivity"
261-->[com.google.android.gms:play-services-base:18.1.0] AndroidManifest.xml:20:19-85
262            android:exported="false"
262-->[com.google.android.gms:play-services-base:18.1.0] AndroidManifest.xml:22:19-43
263            android:theme="@android:style/Theme.Translucent.NoTitleBar" />
263-->[com.google.android.gms:play-services-base:18.1.0] AndroidManifest.xml:21:19-78
264
265        <provider
265-->[com.google.firebase:firebase-common:21.0.0] AndroidManifest.xml:23:9-28:39
266            android:name="com.google.firebase.provider.FirebaseInitProvider"
266-->[com.google.firebase:firebase-common:21.0.0] AndroidManifest.xml:24:13-77
267            android:authorities="com.healthai.app.firebaseinitprovider"
267-->[com.google.firebase:firebase-common:21.0.0] AndroidManifest.xml:25:13-72
268            android:directBootAware="true"
268-->[com.google.firebase:firebase-common:21.0.0] AndroidManifest.xml:26:13-43
269            android:exported="false"
269-->[com.google.firebase:firebase-common:21.0.0] AndroidManifest.xml:27:13-37
270            android:initOrder="100" />
270-->[com.google.firebase:firebase-common:21.0.0] AndroidManifest.xml:28:13-36
271
272        <service
272-->[androidx.room:room-runtime:2.6.1] AndroidManifest.xml:24:9-28:63
273            android:name="androidx.room.MultiInstanceInvalidationService"
273-->[androidx.room:room-runtime:2.6.1] AndroidManifest.xml:25:13-74
274            android:directBootAware="true"
274-->[androidx.room:room-runtime:2.6.1] AndroidManifest.xml:26:13-43
275            android:exported="false" />
275-->[androidx.room:room-runtime:2.6.1] AndroidManifest.xml:27:13-37
276